{
  "stats": {
    "suites": 1,
    "tests": 1,
    "passes": 1,
    "pending": 0,
    "failures": 0,
    "start": "2025-01-27T05:14:30.869Z",
    "end": "2025-01-27T05:14:38.313Z",
    "duration": 7444,
    "testsRegistered": 1,
    "passPercent": 100,
    "pendingPercent": 0,
    "other": 0,
    "hasOther": false,
    "skipped": 0,
    "hasSkipped": false
  },
  "results": [
    {
      "uuid": "82c5b336-4f3d-4cb6-aa86-8cefe978dbd5",
      "title": "",
      "fullFile": "cypress\\e2e\\1-getting-started\\tests\\registerTest.cy.js",
      "file": "cypress\\e2e\\1-getting-started\\tests\\registerTest.cy.js",
      "beforeHooks": [],
      "afterHooks": [],
      "tests": [],
      "suites": [
        {
          "uuid": "fd67afc8-7210-4aae-98eb-9b4680c260ea",
          "title": " test automation",
          "fullFile": "",
          "file": "",
          "beforeHooks": [],
          "afterHooks": [],
          "tests": [
            {
              "title": "register flow",
              "fullTitle": " test automation register flow",
              "timedOut": null,
              "duration": 4433,
              "state": "passed",
              "speed": "fast",
              "pass": true,
              "fail": false,
              "pending": false,
              "context": null,
              "code": "registerObj.openURL();\nregisterObj.enterFirstName(_registerData.default.firstName);\nregisterObj.enterLastName(_registerData.default.lastName);\nregisterObj.enterEmail(_registerData.default.email);\nregisterObj.enterTelephone(_registerData.default.telephone);\nregisterObj.enterPassword(_registerData.default.password);\nregisterObj.selectPolicyCheckbox();\nregisterObj.clickOnContinue();",
              "err": {},
              "uuid": "716bf9aa-df89-41b6-8fbf-73ecb6f792fb",
              "parentUUID": "fd67afc8-7210-4aae-98eb-9b4680c260ea",
              "isHook": false,
              "skipped": false
            }
          ],
          "suites": [],
          "passes": [
            "716bf9aa-df89-41b6-8fbf-73ecb6f792fb"
          ],
          "failures": [],
          "pending": [],
          "skipped": [],
          "duration": 4433,
          "root": false,
          "rootEmpty": false,
          "_timeout": 2000
        }
      ],
      "passes": [],
      "failures": [],
      "pending": [],
      "skipped": [],
      "duration": 0,
      "root": true,
      "rootEmpty": true,
      "_timeout": 2000
    }
  ],
  "meta": {
    "mocha": {
      "version": "7.0.1"
    },
    "mochawesome": {
      "options": {
        "quiet": false,
        "reportFilename": "mochawesome",
        "saveHtml": true,
        "saveJson": true,
        "consoleReporter": "spec",
        "useInlineDiffs": false,
        "code": true
      },
      "version": "7.1.3"
    },
    "marge": {
      "options": null,
      "version": "6.2.0"
    }
  }
}